

============================== 2023-02-03 06:24:54.327162 | 936aeaca-d99c-49de-8c2a-6f4903dcb696 ==============================
[0m06:24:54.327162 [info ] [MainThread]: Running with dbt=1.4.1
[0m06:24:54.328771 [debug] [MainThread]: running dbt with arguments {'write_json': True, 'use_colors': True, 'printer_width': 80, 'version_check': True, 'partial_parse': True, 'static_parser': True, 'profiles_dir': '/home/vscode/.dbt', 'send_anonymous_usage_stats': True, 'quiet': False, 'no_print': False, 'cache_selected_only': False, 'skip_profile_setup': False, 'which': 'init', 'indirect_selection': 'eager'}
[0m06:24:54.329184 [debug] [MainThread]: Tracking: tracking
[0m06:24:54.335522 [debug] [MainThread]: Sending event: {'category': 'dbt', 'action': 'invocation', 'label': 'start', 'context': [<snowplow_tracker.self_describing_json.SelfDescribingJson object at 0x7f9872ad1ee0>, <snowplow_tracker.self_describing_json.SelfDescribingJson object at 0x7f9872ad1700>, <snowplow_tracker.self_describing_json.SelfDescribingJson object at 0x7f9872ad1a00>]}
[0m06:24:54.336450 [info ] [MainThread]: Creating dbt configuration folder at /home/vscode/.dbt
[0m06:25:32.489598 [debug] [MainThread]: Sending event: {'category': 'dbt', 'action': 'invocation', 'label': 'end', 'context': [<snowplow_tracker.self_describing_json.SelfDescribingJson object at 0x7f9872ad1bb0>, <snowplow_tracker.self_describing_json.SelfDescribingJson object at 0x7f9872ad1a00>, <snowplow_tracker.self_describing_json.SelfDescribingJson object at 0x7f9872aeb940>]}
[0m06:25:32.490378 [debug] [MainThread]: Flushing usage events
[0m06:25:32.969598 [error] [MainThread]: Encountered an error:

[0m06:25:32.971334 [error] [MainThread]: Traceback (most recent call last):
  File "/usr/local/python/3.9.16/lib/python3.9/site-packages/dbt/main.py", line 135, in main
    results, succeeded = handle_and_check(args)
  File "/usr/local/python/3.9.16/lib/python3.9/site-packages/dbt/main.py", line 198, in handle_and_check
    task, res = run_from_args(parsed)
  File "/usr/local/python/3.9.16/lib/python3.9/site-packages/dbt/main.py", line 245, in run_from_args
    results = task.run()
  File "/usr/local/python/3.9.16/lib/python3.9/site-packages/dbt/task/init.py", line 286, in run
    project_name = self.get_valid_project_name()
  File "/usr/local/python/3.9.16/lib/python3.9/site-packages/dbt/task/init.py", line 243, in get_valid_project_name
    name = click.prompt("Enter a name for your project (letters, digits, underscore)")
  File "/usr/local/python/3.9.16/lib/python3.9/site-packages/click/termui.py", line 166, in prompt
    value = prompt_func(prompt)
  File "/usr/local/python/3.9.16/lib/python3.9/site-packages/click/termui.py", line 149, in prompt_func
    raise Abort() from None
click.exceptions.Abort



============================== 2023-02-03 06:25:44.613859 | 5a36ca0b-8fc2-4b59-9332-54e142c6546a ==============================
[0m06:25:44.613859 [info ] [MainThread]: Running with dbt=1.4.1
[0m06:25:44.615665 [debug] [MainThread]: running dbt with arguments {'write_json': True, 'use_colors': True, 'printer_width': 80, 'version_check': True, 'partial_parse': True, 'static_parser': True, 'profiles_dir': '/home/vscode/.dbt', 'send_anonymous_usage_stats': True, 'quiet': False, 'no_print': False, 'cache_selected_only': False, 'project_name': 'demo-dbt-project', 'skip_profile_setup': False, 'which': 'init', 'indirect_selection': 'eager'}
[0m06:25:44.616198 [debug] [MainThread]: Tracking: tracking
[0m06:25:44.624732 [debug] [MainThread]: Sending event: {'category': 'dbt', 'action': 'invocation', 'label': 'start', 'context': [<snowplow_tracker.self_describing_json.SelfDescribingJson object at 0x7fe9daf50be0>, <snowplow_tracker.self_describing_json.SelfDescribingJson object at 0x7fe9daf50790>, <snowplow_tracker.self_describing_json.SelfDescribingJson object at 0x7fe9daf50910>]}
[0m06:25:55.753092 [debug] [MainThread]: Starter project path: /usr/local/python/3.9.16/lib/python3.9/site-packages/dbt/include/starter_project
[0m06:31:06.450891 [info ] [MainThread]: Profile demo_dbt_project written to /home/vscode/.dbt/profiles.yml using target's profile_template.yml and your supplied values. Run 'dbt debug' to validate the connection.
[0m06:31:06.451563 [info ] [MainThread]: 
Your new dbt project "demo_dbt_project" was created!

For more information on how to configure the profiles.yml file,
please consult the dbt documentation here:

  https://docs.getdbt.com/docs/configure-your-profile

One more thing:

Need help? Don't hesitate to reach out to us via GitHub issues or on Slack:

  https://community.getdbt.com/

Happy modeling!

[0m06:31:06.452129 [debug] [MainThread]: Sending event: {'category': 'dbt', 'action': 'invocation', 'label': 'end', 'context': [<snowplow_tracker.self_describing_json.SelfDescribingJson object at 0x7fe9daf6b5e0>, <snowplow_tracker.self_describing_json.SelfDescribingJson object at 0x7fe9daf6b400>, <snowplow_tracker.self_describing_json.SelfDescribingJson object at 0x7fe9daf6ba00>]}
[0m06:31:06.452496 [debug] [MainThread]: Flushing usage events
